#
# There is insufficient memory for the Java Runtime Environment to continue.
# Native memory allocation (mmap) failed to map 65536 bytes for Failed to commit metaspace.
# Possible reasons:
#   The system is out of physical RAM or swap space
#   The process is running with CompressedOops enabled, and the Java Heap may be blocking the growth of the native heap
# Possible solutions:
#   Reduce memory load on the system
#   Increase physical memory or swap space
#   Check if swap backing store is full
#   Decrease Java heap size (-Xmx/-Xms)
#   Decrease number of Java threads
#   Decrease Java thread stack sizes (-Xss)
#   Set larger code cache with -XX:ReservedCodeCacheSize=
#   JVM is running with Zero Based Compressed Oops mode in which the Java heap is
#     placed in the first 32GB address space. The Java Heap base address is the
#     maximum limit for the native heap growth. Please use -XX:HeapBaseMinAddress
#     to set the Java Heap base and to place the Java Heap above 32GB virtual address.
# This output file may be truncated or incomplete.
#
#  Out of Memory Error (virtualSpaceNode.cpp:110), pid=15800, tid=16412
#
# JRE version: OpenJDK Runtime Environment Corretto-17.0.10.7.1 (17.0.10+7) (build 17.0.10+7-LTS)
# Java VM: OpenJDK 64-Bit Server VM Corretto-17.0.10.7.1 (17.0.10+7-LTS, mixed mode, emulated-client, sharing, tiered, compressed oops, compressed class ptrs, g1 gc, windows-amd64)
# No core dump will be written. Minidumps are not enabled by default on client versions of Windows
#

---------------  S U M M A R Y ------------

Command Line: -agentlib:jdwp=transport=dt_socket,address=127.0.0.1:58461,suspend=y,server=n -XX:TieredStopAtLevel=1 -Dspring.output.ansi.enabled=always -Dcom.sun.management.jmxremote -Dspring.jmx.enabled=true -Dspring.liveBeansView.mbeanDomain -Dspring.application.admin.enabled=true -Dmanagement.endpoints.jmx.exposure.include=* -javaagent:C:\Users\13298\AppData\Local\JetBrains\IntelliJIdea2023.3\captureAgent\debugger-agent.jar=file:/C:/Users/13298/AppData/Local/Temp/capture.props -Dfile.encoding=UTF-8 com.itheima.BigEventApplication

Host: Intel(R) Core(TM) i7-10875H CPU @ 2.30GHz, 16 cores, 15G,  Windows 11 , 64 bit Build 22621 (10.0.22621.3085)
Time: Mon Mar 11 18:51:25 2024  Windows 11 , 64 bit Build 22621 (10.0.22621.3085) elapsed time: 0.650708 seconds (0d 0h 0m 0s)

---------------  T H R E A D  ---------------

Current thread (0x0000019cc9250580):  JavaThread "main" [_thread_in_vm, id=16412, stack(0x0000002e07500000,0x0000002e07600000)]

Stack: [0x0000002e07500000,0x0000002e07600000]
Native frames: (J=compiled Java code, j=interpreted, Vv=VM code, C=native code)
V  [jvm.dll+0x67d2c9]
V  [jvm.dll+0x834b1a]
V  [jvm.dll+0x8365de]
V  [jvm.dll+0x836c43]
V  [jvm.dll+0x2477ff]
V  [jvm.dll+0x8307db]
V  [jvm.dll+0x621d16]
V  [jvm.dll+0x621d7a]
V  [jvm.dll+0x6245aa]
V  [jvm.dll+0x6226b6]
V  [jvm.dll+0x62c5a7]
V  [jvm.dll+0x1eb80b]
V  [jvm.dll+0x1ebd45]
V  [jvm.dll+0x1ec800]
V  [jvm.dll+0x1e1c01]
V  [jvm.dll+0x5427ce]
V  [jvm.dll+0x1f2647]
V  [jvm.dll+0x7adfbb]
V  [jvm.dll+0x7af38c]
V  [jvm.dll+0x7af6d8]
V  [jvm.dll+0x74df91]
V  [jvm.dll+0x6c55b7]
V  [jvm.dll+0x6c6e68]
V  [jvm.dll+0x4100ff]
V  [jvm.dll+0x41b7ae]
C  0x0000019cd0d60dcd

The last pc belongs to method entry point (kind = native) (printed below).
Java frames: (J=compiled Java code, j=interpreted, Vv=VM code)
j  java.lang.Class.getDeclaredMethods0(Z)[Ljava/lang/reflect/Method;+0 java.base@17.0.10
j  java.lang.Class.privateGetDeclaredMethods(Z)[Ljava/lang/reflect/Method;+34 java.base@17.0.10
j  java.lang.Class.getMethodsRecursive(Ljava/lang/String;[Ljava/lang/Class;Z)Ljava/lang/PublicMethods$MethodList;+2 java.base@17.0.10
j  java.lang.Class.getMethod0(Ljava/lang/String;[Ljava/lang/Class;)Ljava/lang/reflect/Method;+14 java.base@17.0.10
j  java.lang.Class.getMethod(Ljava/lang/String;[Ljava/lang/Class;)Ljava/lang/reflect/Method;+26 java.base@17.0.10
j  javax.management.remote.rmi.RMIServerImpl_Stub.<clinit>()V+8 java.management.rmi@17.0.10
v  ~StubRoutines::call_stub
j  jdk.internal.reflect.NativeConstructorAccessorImpl.newInstance0(Ljava/lang/reflect/Constructor;[Ljava/lang/Object;)Ljava/lang/Object;+0 java.base@17.0.10
j  jdk.internal.reflect.NativeConstructorAccessorImpl.newInstance([Ljava/lang/Object;)Ljava/lang/Object;+118 java.base@17.0.10
j  jdk.internal.reflect.DelegatingConstructorAccessorImpl.newInstance([Ljava/lang/Object;)Ljava/lang/Object;+5 java.base@17.0.10
j  java.lang.reflect.Constructor.newInstanceWithCaller([Ljava/lang/Object;ZLjava/lang/Class;)Ljava/lang/Object;+65 java.base@17.0.10
j  java.lang.reflect.Constructor.newInstance([Ljava/lang/Object;)Ljava/lang/Object;+30 java.base@17.0.10
j  sun.rmi.server.Util.createStub(Ljava/lang/Class;Ljava/rmi/server/RemoteRef;)Ljava/rmi/server/RemoteStub;+39 java.rmi@17.0.10
j  sun.rmi.server.Util.createProxy(Ljava/lang/Class;Ljava/rmi/server/RemoteRef;Z)Ljava/rmi/Remote;+46 java.rmi@17.0.10
j  sun.rmi.server.UnicastServerRef.exportObject(Ljava/rmi/Remote;Ljava/lang/Object;Z)Ljava/rmi/Remote;+16 java.rmi@17.0.10
j  sun.management.jmxremote.ConnectorBootstrap$PermanentExporter.exportObject(Ljava/rmi/Remote;ILjava/rmi/server/RMIClientSocketFactory;Ljava/rmi/server/RMIServerSocketFactory;Ljava/io/ObjectInputFilter;)Ljava/rmi/Remote;+82 jdk.management.agent@17.0.10
j  javax.management.remote.rmi.RMIJRMPServerImpl.export(Ljava/rmi/Remote;Ljava/io/ObjectInputFilter;)V+62 java.management.rmi@17.0.10
j  javax.management.remote.rmi.RMIJRMPServerImpl.export()V+6 java.management.rmi@17.0.10
j  javax.management.remote.rmi.RMIConnectorServer.start()V+257 java.management.rmi@17.0.10
j  sun.management.jmxremote.ConnectorBootstrap.startLocalConnectorServer()Ljavax/management/remote/JMXConnectorServer;+290 jdk.management.agent@17.0.10
j  jdk.internal.agent.Agent.startLocalManagementAgent()V+13 jdk.management.agent@17.0.10
j  jdk.internal.agent.Agent.startAgent(Ljava/util/Properties;)V+58 jdk.management.agent@17.0.10
j  jdk.internal.agent.Agent.startAgent()V+20 jdk.management.agent@17.0.10
v  ~StubRoutines::call_stub
method entry point (kind = native)  [0x0000019cd0d60660, 0x0000019cd0d61740]  4320 bytes
[MachCode]
  0x0000019cd0d60660: 488b 4b08 | 0fb7 492c | 584c 8d74 | ccf8 6800 | 0000 0068 | 0000 0000 | 5055 488b | ec41 5568 
  0x0000019cd0d60680: 0000 0000 | 4c8b 6b08 | 4d8d 6d30 | 5348 8b53 | 0848 8b52 | 0848 8b52 | 1848 8b52 | 7048 8b12 
  0x0000019cd0d606a0: 5268 0000 | 0000 488b | 5308 488b | 5208 488b | 5210 5241 | 5668 0000 | 0000 6800 | 0000 0048 
  0x0000019cd0d606c0: 8924 2441 | c687 7903 | 0000 0148 | 8b43 1848 | 85c0 0f85 | 7701 0000 | e805 0000 | 00e9 6001 
  0x0000019cd0d606e0: 0000 488b | d348 8d44 | 2408 4c89 | 6dc0 498b | cfc5 f877 | 4989 afa8 | 0200 0049 | 8987 9802 
  0x0000019cd0d60700: 0000 4883 | ec20 f7c4 | 0f00 0000 | 0f84 1a00 | 0000 4883 | ec08 49ba | 502e 4dc2 | fd7f 0000 
  0x0000019cd0d60720: 41ff d248 | 83c4 08e9 | 0d00 0000 | 49ba 502e | 4dc2 fd7f | 0000 41ff | d248 83c4 | 2049 c787 
  0x0000019cd0d60740: 9802 0000 | 0000 0000 | 49c7 87a8 | 0200 0000 | 0000 0049 | c787 a002 | 0000 0000 | 0000 c5f8 
  0x0000019cd0d60760: 7741 8b8f | 0c04 0000 | f7c1 0100 | 0000 0f84 | 4900 0000 | f7c1 0200 | 0000 0f85 | 3d00 0000 
  0x0000019cd0d60780: 4883 ec20 | f7c4 0f00 | 0000 0f84 | 1a00 0000 | 4883 ec08 | 49ba 5000 | 4dc2 fd7f | 0000 41ff 
  0x0000019cd0d607a0: d248 83c4 | 08e9 0d00 | 0000 49ba | 5000 4dc2 | fd7f 0000 | 41ff d248 | 83c4 20ff | e049 8b8f 
  0x0000019cd0d607c0: 9004 0000 | 4885 c90f | 8459 0000 | 008b 898c | 0000 0083 | f901 0f85 | 4a00 0000 | 498b 8f90 
  0x0000019cd0d607e0: 0400 008b | 8990 0000 | 0048 83ec | 20f7 c40f | 0000 000f | 841a 0000 | 0048 83ec | 0849 ba40 
  0x0000019cd0d60800: 004d c2fd | 7f00 0041 | ffd2 4883 | c408 e90d | 0000 0049 | ba40 004d | c2fd 7f00 | 0041 ffd2 
  0x0000019cd0d60820: 4883 c420 | ffe0 4981 | 7f08 0000 | 0000 0f84 | 0500 0000 | e9c7 06ff | ff4c 8b6d | c04c 8b75 
  0x0000019cd0d60840: c8c3 488b | 4318 4885 | c00f 8412 | 0000 008b | 4808 83c1 | 0289 4808 | 2348 200f | 8459 0d00 
  0x0000019cd0d60860: 0089 8424 | 0090 ffff | 41c6 8779 | 0300 0000 | 418b 9798 | 0400 0085 | d20f 8467 | 0100 00e8 
  0x0000019cd0d60880: 0500 0000 | e95d 0100 | 0048 8d44 | 2408 4c89 | 6dc0 498b | cfc5 f877 | 4989 afa8 | 0200 0049 
  0x0000019cd0d608a0: 8987 9802 | 0000 4883 | ec20 f7c4 | 0f00 0000 | 0f84 1a00 | 0000 4883 | ec08 49ba | d056 4dc2 
  0x0000019cd0d608c0: fd7f 0000 | 41ff d248 | 83c4 08e9 | 0d00 0000 | 49ba d056 | 4dc2 fd7f | 0000 41ff | d248 83c4 
  0x0000019cd0d608e0: 2049 c787 | 9802 0000 | 0000 0000 | 49c7 87a8 | 0200 0000 | 0000 0049 | c787 a002 | 0000 0000 
  0x0000019cd0d60900: 0000 c5f8 | 7741 8b8f | 0c04 0000 | f7c1 0100 | 0000 0f84 | 4900 0000 | f7c1 0200 | 0000 0f85 
  0x0000019cd0d60920: 3d00 0000 | 4883 ec20 | f7c4 0f00 | 0000 0f84 | 1a00 0000 | 4883 ec08 | 49ba 5000 | 4dc2 fd7f 
  0x0000019cd0d60940: 0000 41ff | d248 83c4 | 08e9 0d00 | 0000 49ba | 5000 4dc2 | fd7f 0000 | 41ff d248 | 83c4 20ff 
  0x0000019cd0d60960: e049 8b8f | 9004 0000 | 4885 c90f | 8459 0000 | 008b 898c | 0000 0083 | f901 0f85 | 4a00 0000 
  0x0000019cd0d60980: 498b 8f90 | 0400 008b | 8990 0000 | 0048 83ec | 20f7 c40f | 0000 000f | 841a 0000 | 0048 83ec 
  0x0000019cd0d609a0: 0849 ba40 | 004d c2fd | 7f00 0041 | ffd2 4883 | c408 e90d | 0000 0049 | ba40 004d | c2fd 7f00 
  0x0000019cd0d609c0: 0041 ffd2 | 4883 c420 | ffe0 4981 | 7f08 0000 | 0000 0f84 | 0500 0000 | e923 05ff | ff4c 8b6d 
  0x0000019cd0d609e0: c04c 8b75 | c8c3 49ba | 7935 cdc2 | fd7f 0000 | 4180 3a00 | 0f84 4200 | 0000 488b | 55e8 498b 
  0x0000019cd0d60a00: cf48 83ec | 20f7 c40f | 0000 000f | 841a 0000 | 0048 83ec | 0849 ba00 | 3083 c2fd | 7f00 0041 
  0x0000019cd0d60a20: ffd2 4883 | c408 e90d | 0000 0049 | ba00 3083 | c2fd 7f00 | 0041 ffd2 | 4883 c420 | 488b 5de8 
  0x0000019cd0d60a40: 4c8b 5b08 | 450f b75b | 2c41 c1e3 | 0349 2be3 | 4883 ec20 | 4883 e4f0 | 4c8b 5b60 | 4d85 db0f 
  0x0000019cd0d60a60: 8572 0100 | 00e8 0500 | 0000 e960 | 0100 0048 | 8bd3 488d | 4424 084c | 896d c049 | 8bcf c5f8 
  0x0000019cd0d60a80: 7749 89af | a802 0000 | 4989 8798 | 0200 0048 | 83ec 20f7 | c40f 0000 | 000f 841a | 0000 0048 
  0x0000019cd0d60aa0: 83ec 0849 | bad0 584d | c2fd 7f00 | 0041 ffd2 | 4883 c408 | e90d 0000 | 0049 bad0 | 584d c2fd 
  0x0000019cd0d60ac0: 7f00 0041 | ffd2 4883 | c420 49c7 | 8798 0200 | 0000 0000 | 0049 c787 | a802 0000 | 0000 0000 
  0x0000019cd0d60ae0: 49c7 87a0 | 0200 0000 | 0000 00c5 | f877 418b | 8f0c 0400 | 00f7 c101 | 0000 000f | 8449 0000 
  0x0000019cd0d60b00: 00f7 c102 | 0000 000f | 853d 0000 | 0048 83ec | 20f7 c40f | 0000 000f | 841a 0000 | 0048 83ec 
  0x0000019cd0d60b20: 0849 ba50 | 004d c2fd | 7f00 0041 | ffd2 4883 | c408 e90d | 0000 0049 | ba50 004d | c2fd 7f00 
  0x0000019cd0d60b40: 0041 ffd2 | 4883 c420 | ffe0 498b | 8f90 0400 | 0048 85c9 | 0f84 5900 | 0000 8b89 | 8c00 0000 
  0x0000019cd0d60b60: 83f9 010f | 854a 0000 | 0049 8b8f | 9004 0000 | 8b89 9000 | 0000 4883 | ec20 f7c4 | 0f00 0000 
  0x0000019cd0d60b80: 0f84 1a00 | 0000 4883 | ec08 49ba | 4000 4dc2 | fd7f 0000 | 41ff d248 | 83c4 08e9 | 0d00 0000 
  0x0000019cd0d60ba0: 49ba 4000 | 4dc2 fd7f | 0000 41ff | d248 83c4 | 20ff e049 | 817f 0800 | 0000 000f | 8405 0000 
  0x0000019cd0d60bc0: 00e9 3a03 | ffff 4c8b | 6dc0 4c8b | 75c8 c348 | 8b5d e84c | 8b5b 6041 | ffd3 488b | 5de8 4889 
  0x0000019cd0d60be0: 4518 448b | 5b28 41f7 | c308 0000 | 000f 841b | 0000 004c | 8b5b 084d | 8b5b 084d | 8b5b 184d 
  0x0000019cd0d60c00: 8b5b 704d | 8b1b 4c89 | 5d10 488d | 5510 488b | 4358 49ba | a07e 83c2 | fd7f 0000 | 493b c20f 
  0x0000019cd0d60c20: 8572 0100 | 00e8 0500 | 0000 e960 | 0100 0048 | 8bd3 488d | 4424 084c | 896d c049 | 8bcf c5f8 
  0x0000019cd0d60c40: 7749 89af | a802 0000 | 4989 8798 | 0200 0048 | 83ec 20f7 | c40f 0000 | 000f 841a | 0000 0048 
  0x0000019cd0d60c60: 83ec 0849 | bad0 584d | c2fd 7f00 | 0041 ffd2 | 4883 c408 | e90d 0000 | 0049 bad0 | 584d c2fd 
  0x0000019cd0d60c80: 7f00 0041 | ffd2 4883 | c420 49c7 | 8798 0200 | 0000 0000 | 0049 c787 | a802 0000 | 0000 0000 
  0x0000019cd0d60ca0: 49c7 87a0 | 0200 0000 | 0000 00c5 | f877 418b | 8f0c 0400 | 00f7 c101 | 0000 000f | 8449 0000 
  0x0000019cd0d60cc0: 00f7 c102 | 0000 000f | 853d 0000 | 0048 83ec | 20f7 c40f | 0000 000f | 841a 0000 | 0048 83ec 
  0x0000019cd0d60ce0: 0849 ba50 | 004d c2fd | 7f00 0041 | ffd2 4883 | c408 e90d | 0000 0049 | ba50 004d | c2fd 7f00 
  0x0000019cd0d60d00: 0041 ffd2 | 4883 c420 | ffe0 498b | 8f90 0400 | 0048 85c9 | 0f84 5900 | 0000 8b89 | 8c00 0000 
  0x0000019cd0d60d20: 83f9 010f | 854a 0000 | 0049 8b8f | 9004 0000 | 8b89 9000 | 0000 4883 | ec20 f7c4 | 0f00 0000 
  0x0000019cd0d60d40: 0f84 1a00 | 0000 4883 | ec08 49ba | 4000 4dc2 | fd7f 0000 | 41ff d248 | 83c4 08e9 | 0d00 0000 
  0x0000019cd0d60d60: 49ba 4000 | 4dc2 fd7f | 0000 41ff | d248 83c4 | 20ff e049 | 817f 0800 | 0000 000f | 8405 0000 
  0x0000019cd0d60d80: 00e9 7a01 | ffff 4c8b | 6dc0 4c8b | 75c8 c348 | 8b5d e848 | 8b43 5849 | 8d8f b802 | 0000 c5f8 
  0x0000019cd0d60da0: 7749 89af | a802 0000 | 49ba 9e0d | d6d0 9c01 | 0000 4d89 | 97a0 0200 | 0049 89a7 | 9802 0000 
  0x0000019cd0d60dc0: 41c7 8748 | 0300 0004 | 0000 00ff | d0c5 f877 | 4883 ec10 | c5fb 1104 | 2448 83ec | 1048 8904 
  0x0000019cd0d60de0: 2448 c744 | 2408 0000 | 0000 41c7 | 8748 0300 | 0005 0000 | 00f0 8344 | 24c0 0049 | 3baf 5003 
  0x0000019cd0d60e00: 0000 0f87 | 1100 0000 | 4181 bf38 | 0300 0000 | 0000 000f | 8421 0000 | 0049 8bcf | 4c8b e448 
  0x0000019cd0d60e20: 83ec 2048 | 83e4 f049 | ba90 4493 | c2fd 7f00 | 0041 ffd2 | 498b e44d | 33e4 41c7 | 8748 0300 
  0x0000019cd0d60e40: 0008 0000 | 0049 c787 | 9802 0000 | 0000 0000 | 49c7 87a8 | 0200 0000 | 0000 0049 | c787 a002 
  0x0000019cd0d60e60: 0000 0000 | 0000 c5f8 | 774d 8b9f | d800 0000 | 41c7 8300 | 0100 0000 | 0000 0049 | bb9b d1d5 
  0x0000019cd0d60e80: d09c 0100 | 004c 3b5d | 180f 85b9 | 0000 0048 | 8b04 2448 | 83c4 1048 | 85c0 0f84 | 9300 0000 
  0x0000019cd0d60ea0: 48f7 c001 | 0000 000f | 8483 0000 | 0048 8b40 | ff41 807f | 3800 0f84 | 6f00 0000 | 4883 f800 
  0x0000019cd0d60ec0: 0f84 6500 | 0000 4d8b | 5f20 4983 | fb00 0f84 | 1400 0000 | 4983 eb08 | 4d89 5f20 | 4d03 5f30 
  0x0000019cd0d60ee0: 4989 03e9 | 4300 0000 | 5049 8bd7 | 488b c848 | 83ec 20f7 | c40f 0000 | 000f 841a | 0000 0048 
  0x0000019cd0d60f00: 83ec 0849 | ba60 4842 | c2fd 7f00 | 0041 ffd2 | 4883 c408 | e90d 0000 | 0049 ba60 | 4842 c2fd 
  0x0000019cd0d60f20: 7f00 0041 | ffd2 4883 | c420 58e9 | 0300 0000 | 488b 0048 | 8945 1048 | 83ec 1048 | 8904 2448 
  0x0000019cd0d60f40: c744 2408 | 0000 0000 | 4181 bfb8 | 0300 0002 | 0000 000f | 85c0 0000 | 0048 81ec | 8000 0000 
  0x0000019cd0d60f60: 4889 4424 | 7848 894c | 2470 4889 | 5424 6848 | 895c 2460 | 4889 6c24 | 5048 8974 | 2448 4889 
  0x0000019cd0d60f80: 7c24 404c | 8944 2438 | 4c89 4c24 | 304c 8954 | 2428 4c89 | 5c24 204c | 8964 2418 | 4c89 6c24 
  0x0000019cd0d60fa0: 104c 8974 | 2408 4c89 | 3c24 4c8b | e448 83ec | 2048 83e4 | f049 ba80 | 6083 c2fd | 7f00 0041 
  0x0000019cd0d60fc0: ffd2 498b | e44c 8b3c | 244c 8b74 | 2408 4c8b | 6c24 104c | 8b64 2418 | 4c8b 5c24 | 204c 8b54 
  0x0000019cd0d60fe0: 2428 4c8b | 4c24 304c | 8b44 2438 | 488b 7c24 | 4048 8b74 | 2448 488b | 6c24 5048 | 8b5c 2460 
  0x0000019cd0d61000: 488b 5424 | 6848 8b4c | 2470 488b | 4424 7848 | 81c4 8000 | 0000 4d33 | e448 8b5d | e84c 8b6b 
  0x0000019cd0d61020: 084d 8d6d | 3049 817f | 0800 0000 | 000f 8483 | 0100 00e8 | 0500 0000 | e95d 0100 | 0048 8d44 
  0x0000019cd0d61040: 2408 4c89 | 6dc0 498b | cfc5 f877 | 4989 afa8 | 0200 0049 | 8987 9802 | 0000 4883 | ec20 f7c4 
  0x0000019cd0d61060: 0f00 0000 | 0f84 1a00 | 0000 4883 | ec08 49ba | f076 4dc2 | fd7f 0000 | 41ff d248 | 83c4 08e9 
  0x0000019cd0d61080: 0d00 0000 | 49ba f076 | 4dc2 fd7f | 0000 41ff | d248 83c4 | 2049 c787 | 9802 0000 | 0000 0000 
  0x0000019cd0d610a0: 49c7 87a8 | 0200 0000 | 0000 0049 | c787 a002 | 0000 0000 | 0000 c5f8 | 7741 8b8f | 0c04 0000 
  0x0000019cd0d610c0: f7c1 0100 | 0000 0f84 | 4900 0000 | f7c1 0200 | 0000 0f85 | 3d00 0000 | 4883 ec20 | f7c4 0f00 
  0x0000019cd0d610e0: 0000 0f84 | 1a00 0000 | 4883 ec08 | 49ba 5000 | 4dc2 fd7f | 0000 41ff | d248 83c4 | 08e9 0d00 
  0x0000019cd0d61100: 0000 49ba | 5000 4dc2 | fd7f 0000 | 41ff d248 | 83c4 20ff | e049 8b8f | 9004 0000 | 4885 c90f 
  0x0000019cd0d61120: 8459 0000 | 008b 898c | 0000 0083 | f901 0f85 | 4a00 0000 | 498b 8f90 | 0400 008b | 8990 0000 
  0x0000019cd0d61140: 0048 83ec | 20f7 c40f | 0000 000f | 841a 0000 | 0048 83ec | 0849 ba40 | 004d c2fd | 7f00 0041 
  0x0000019cd0d61160: ffd2 4883 | c408 e90d | 0000 0049 | ba40 004d | c2fd 7f00 | 0041 ffd2 | 4883 c420 | ffe0 4981 
  0x0000019cd0d61180: 7f08 0000 | 0000 0f84 | 0500 0000 | e96f fdfe | ff4c 8b6d | c04c 8b75 | c8c3 48b9 | 409a a7c2 
  0x0000019cd0d611a0: fd7f 0000 | 4883 e4f0 | 49ba 602d | 70c2 fd7f | 0000 41ff | d2f4 448b | 5b28 41f7 | c320 0000 
  0x0000019cd0d611c0: 000f 8404 | 0200 0048 | 8d55 a84c | 8b5a 084d | 85db 0f85 | 8301 0000 | e805 0000 | 00e9 5d01 
  0x0000019cd0d611e0: 0000 488d | 4424 084c | 896d c049 | 8bcf c5f8 | 7749 89af | a802 0000 | 4989 8798 | 0200 0048 
  0x0000019cd0d61200: 83ec 20f7 | c40f 0000 | 000f 841a | 0000 0048 | 83ec 0849 | ba10 764d | c2fd 7f00 | 0041 ffd2 
  0x0000019cd0d61220: 4883 c408 | e90d 0000 | 0049 ba10 | 764d c2fd | 7f00 0041 | ffd2 4883 | c420 49c7 | 8798 0200 
  0x0000019cd0d61240: 0000 0000 | 0049 c787 | a802 0000 | 0000 0000 | 49c7 87a0 | 0200 0000 | 0000 00c5 | f877 418b 
  0x0000019cd0d61260: 8f0c 0400 | 00f7 c101 | 0000 000f | 8449 0000 | 00f7 c102 | 0000 000f | 853d 0000 | 0048 83ec 
  0x0000019cd0d61280: 20f7 c40f | 0000 000f | 841a 0000 | 0048 83ec | 0849 ba50 | 004d c2fd | 7f00 0041 | ffd2 4883 
  0x0000019cd0d612a0: c408 e90d | 0000 0049 | ba50 004d | c2fd 7f00 | 0041 ffd2 | 4883 c420 | ffe0 498b | 8f90 0400 
  0x0000019cd0d612c0: 0048 85c9 | 0f84 5900 | 0000 8b89 | 8c00 0000 | 83f9 010f | 854a 0000 | 0049 8b8f | 9004 0000 
  0x0000019cd0d612e0: 8b89 9000 | 0000 4883 | ec20 f7c4 | 0f00 0000 | 0f84 1a00 | 0000 4883 | ec08 49ba | 4000 4dc2 
  0x0000019cd0d61300: fd7f 0000 | 41ff d248 | 83c4 08e9 | 0d00 0000 | 49ba 4000 | 4dc2 fd7f | 0000 41ff | d248 83c4 
  0x0000019cd0d61320: 20ff e049 | 817f 0800 | 0000 000f | 8405 0000 | 00e9 cafb | feff 4c8b | 6dc0 4c8b | 75c8 c348 
  0x0000019cd0d61340: b940 9aa7 | c2fd 7f00 | 0048 83e4 | f049 ba60 | 2d70 c2fd | 7f00 0041 | ffd2 f44c | 896d c048 
  0x0000019cd0d61360: 8d02 4c8b | 4a08 48c7 | 4208 0000 | 0000 4c8b | 004d 85c0 | 0f84 4d00 | 0000 f04d | 0fb1 010f 
  0x0000019cd0d61380: 8442 0000 | 004c 894a | 0848 8bca | 4883 ec20 | f7c4 0f00 | 0000 0f84 | 1a00 0000 | 4883 ec08 
  0x0000019cd0d613a0: 49ba 4048 | 4dc2 fd7f | 0000 41ff | d248 83c4 | 08e9 0d00 | 0000 49ba | 4048 4dc2 | fd7f 0000 
  0x0000019cd0d613c0: 41ff d248 | 83c4 204c | 8b6d c041 | 8b97 9804 | 0000 85d2 | 0f84 6701 | 0000 e805 | 0000 00e9 
  0x0000019cd0d613e0: 5d01 0000 | 488d 4424 | 084c 896d | c049 8bcf | c5f8 7749 | 89af a802 | 0000 4989 | 8798 0200 
  0x0000019cd0d61400: 0048 83ec | 20f7 c40f | 0000 000f | 841a 0000 | 0048 83ec | 0849 ba10 | 584d c2fd | 7f00 0041 
  0x0000019cd0d61420: ffd2 4883 | c408 e90d | 0000 0049 | ba10 584d | c2fd 7f00 | 0041 ffd2 | 4883 c420 | 49c7 8798 
  0x0000019cd0d61440: 0200 0000 | 0000 0049 | c787 a802 | 0000 0000 | 0000 49c7 | 87a0 0200 | 0000 0000 | 00c5 f877 
  0x0000019cd0d61460: 418b 8f0c | 0400 00f7 | c101 0000 | 000f 8449 | 0000 00f7 | c102 0000 | 000f 853d | 0000 0048 
  0x0000019cd0d61480: 83ec 20f7 | c40f 0000 | 000f 841a | 0000 0048 | 83ec 0849 | ba50 004d | c2fd 7f00 | 0041 ffd2 
  0x0000019cd0d614a0: 4883 c408 | e90d 0000 | 0049 ba50 | 004d c2fd | 7f00 0041 | ffd2 4883 | c420 ffe0 | 498b 8f90 
  0x0000019cd0d614c0: 0400 0048 | 85c9 0f84 | 5900 0000 | 8b89 8c00 | 0000 83f9 | 010f 854a | 0000 0049 | 8b8f 9004 
  0x0000019cd0d614e0: 0000 8b89 | 9000 0000 | 4883 ec20 | f7c4 0f00 | 0000 0f84 | 1a00 0000 | 4883 ec08 | 49ba 4000 
  0x0000019cd0d61500: 4dc2 fd7f | 0000 41ff | d248 83c4 | 08e9 0d00 | 0000 49ba | 4000 4dc2 | fd7f 0000 | 41ff d248 
  0x0000019cd0d61520: 83c4 20ff | e049 817f | 0800 0000 | 000f 8405 | 0000 00e9 | c8f9 feff | 4c8b 6dc0 | 4c8b 75c8 
  0x0000019cd0d61540: c349 ba79 | 35cd c2fd | 7f00 0041 | 803a 000f | 8442 0000 | 0048 8b55 | e849 8bcf | 4883 ec20 
  0x0000019cd0d61560: f7c4 0f00 | 0000 0f84 | 1a00 0000 | 4883 ec08 | 49ba 0030 | 83c2 fd7f | 0000 41ff | d248 83c4 
  0x0000019cd0d61580: 08e9 0d00 | 0000 49ba | 0030 83c2 | fd7f 0000 | 41ff d248 | 83c4 2048 | 8b04 2448 | 83c4 10c5 
  0x0000019cd0d615a0: fb10 0424 | 4883 c410 | 4c8b 5d18 | 41ff d34c | 8b5d f8c9 | 5f49 8be3 | ffe7 ba00 | 0000 00e8 
  0x0000019cd0d615c0: 0500 0000 | e95d 0100 | 0048 8d44 | 2408 4c89 | 6dc0 498b | cfc5 f877 | 4989 afa8 | 0200 0049 
  0x0000019cd0d615e0: 8987 9802 | 0000 4883 | ec20 f7c4 | 0f00 0000 | 0f84 1a00 | 0000 4883 | ec08 49ba | 4039 4dc2 
  0x0000019cd0d61600: fd7f 0000 | 41ff d248 | 83c4 08e9 | 0d00 0000 | 49ba 4039 | 4dc2 fd7f | 0000 41ff | d248 83c4 
  0x0000019cd0d61620: 2049 c787 | 9802 0000 | 0000 0000 | 49c7 87a8 | 0200 0000 | 0000 0049 | c787 a002 | 0000 0000 
  0x0000019cd0d61640: 0000 c5f8 | 7741 8b8f | 0c04 0000 | f7c1 0100 | 0000 0f84 | 4900 0000 | f7c1 0200 | 0000 0f85 
  0x0000019cd0d61660: 3d00 0000 | 4883 ec20 | f7c4 0f00 | 0000 0f84 | 1a00 0000 | 4883 ec08 | 49ba 5000 | 4dc2 fd7f 
  0x0000019cd0d61680: 0000 41ff | d248 83c4 | 08e9 0d00 | 0000 49ba | 5000 4dc2 | fd7f 0000 | 41ff d248 | 83c4 20ff 
  0x0000019cd0d616a0: e049 8b8f | 9004 0000 | 4885 c90f | 8459 0000 | 008b 898c | 0000 0083 | f901 0f85 | 4a00 0000 
  0x0000019cd0d616c0: 498b 8f90 | 0400 008b | 8990 0000 | 0048 83ec | 20f7 c40f | 0000 000f | 841a 0000 | 0048 83ec 
  0x0000019cd0d616e0: 0849 ba40 | 004d c2fd | 7f00 0041 | ffd2 4883 | c408 e90d | 0000 0049 | ba40 004d | c2fd 7f00 
  0x0000019cd0d61700: 0041 ffd2 | 4883 c420 | ffe0 4981 | 7f08 0000 | 0000 0f84 | 0500 0000 | e9e3 f7fe | ff4c 8b6d 
  0x0000019cd0d61720: c04c 8b75 | c8c3 488b | 5de8 e932 | f1ff ff90 | 0000 0000 | 0000 0000 | 0000 0000 | 0000 0000 
[/MachCode]

---------------  P R O C E S S  ---------------

Threads class SMR info:
_java_thread_list=0x0000019ce5656640, length=17, elements={
0x0000019cc9250580, 0x0000019ce03d80d0, 0x0000019ce03d8f50, 0x0000019ce0402ab0,
0x0000019ce03f2c40, 0x0000019ce03f4870, 0x0000019ce03f6240, 0x0000019ce03f7c10,
0x0000019ce040afa0, 0x0000019ce03fe3c0, 0x0000019ce0b204b0, 0x0000019ce0bdbf60,
0x0000019ce0bdef30, 0x0000019ce0c24180, 0x0000019ce0c3bcf0, 0x0000019ce0c3e200,
0x0000019ce5656970
}

Java Threads: ( => current thread )
=>0x0000019cc9250580 JavaThread "main" [_thread_in_vm, id=16412, stack(0x0000002e07500000,0x0000002e07600000)]
  0x0000019ce03d80d0 JavaThread "Reference Handler" daemon [_thread_blocked, id=8568, stack(0x0000002e07c00000,0x0000002e07d00000)]
  0x0000019ce03d8f50 JavaThread "Finalizer" daemon [_thread_blocked, id=15052, stack(0x0000002e07d00000,0x0000002e07e00000)]
  0x0000019ce0402ab0 JavaThread "Signal Dispatcher" daemon [_thread_blocked, id=19208, stack(0x0000002e07e00000,0x0000002e07f00000)]
  0x0000019ce03f2c40 JavaThread "Attach Listener" daemon [_thread_blocked, id=5332, stack(0x0000002e07f00000,0x0000002e08000000)]
  0x0000019ce03f4870 JavaThread "Service Thread" daemon [_thread_blocked, id=21420, stack(0x0000002e08000000,0x0000002e08100000)]
  0x0000019ce03f6240 JavaThread "Monitor Deflation Thread" daemon [_thread_blocked, id=20404, stack(0x0000002e08100000,0x0000002e08200000)]
  0x0000019ce03f7c10 JavaThread "C1 CompilerThread0" daemon [_thread_blocked, id=8132, stack(0x0000002e08200000,0x0000002e08300000)]
  0x0000019ce040afa0 JavaThread "Sweeper thread" daemon [_thread_blocked, id=7268, stack(0x0000002e08300000,0x0000002e08400000)]
  0x0000019ce03fe3c0 JavaThread "Common-Cleaner" daemon [_thread_blocked, id=4112, stack(0x0000002e08400000,0x0000002e08500000)]
  0x0000019ce0b204b0 JavaThread "C1 CompilerThread1" daemon [_thread_blocked, id=18700, stack(0x0000002e08500000,0x0000002e08600000)]
  0x0000019ce0bdbf60 JavaThread "C1 CompilerThread2" daemon [_thread_blocked, id=14928, stack(0x0000002e08600000,0x0000002e08700000)]
  0x0000019ce0bdef30 JavaThread "C1 CompilerThread3" daemon [_thread_blocked, id=18696, stack(0x0000002e08700000,0x0000002e08800000)]
  0x0000019ce0c24180 JavaThread "JDWP Transport Listener: dt_socket" daemon [_thread_blocked, id=10628, stack(0x0000002e08800000,0x0000002e08900000)]
  0x0000019ce0c3bcf0 JavaThread "JDWP Event Helper Thread" daemon [_thread_blocked, id=13892, stack(0x0000002e08900000,0x0000002e08a00000)]
  0x0000019ce0c3e200 JavaThread "JDWP Command Reader" daemon [_thread_in_native, id=13304, stack(0x0000002e08a00000,0x0000002e08b00000)]
  0x0000019ce5656970 JavaThread "Notification Thread" daemon [_thread_blocked, id=9348, stack(0x0000002e08b00000,0x0000002e08c00000)]

Other Threads:
  0x0000019ce03d14b0 VMThread "VM Thread" [stack: 0x0000002e07b00000,0x0000002e07c00000] [id=20952]
  0x0000019cc92be5b0 GCTaskThread "GC Thread#0" [stack: 0x0000002e07600000,0x0000002e07700000] [id=13296]
  0x0000019cc92cf1c0 ConcurrentGCThread "G1 Main Marker" [stack: 0x0000002e07700000,0x0000002e07800000] [id=7960]
  0x0000019cc92cfbe0 ConcurrentGCThread "G1 Conc#0" [stack: 0x0000002e07800000,0x0000002e07900000] [id=13348]
  0x0000019ce0311860 ConcurrentGCThread "G1 Refine#0" [stack: 0x0000002e07900000,0x0000002e07a00000] [id=19604]
  0x0000019ce03121a0 ConcurrentGCThread "G1 Service" [stack: 0x0000002e07a00000,0x0000002e07b00000] [id=16624]

Threads with active compile tasks:

VM state: not at safepoint (normal execution)

VM Mutex/Monitor currently owned by a thread:  ([mutex/lock_event])
[0x0000019cc92495e0] Metaspace_lock - owner thread: 0x0000019cc9250580

Heap address: 0x0000000703400000, size: 4044 MB, Compressed Oops mode: Zero based, Oop shift amount: 3

CDS archive(s) mapped at: [0x0000019c80000000-0x0000019c80bb0000-0x0000019c80bb0000), size 12255232, SharedBaseAddress: 0x0000019c80000000, ArchiveRelocationMode: 1.
Compressed class space mapped at: 0x0000019c81000000-0x0000019cc1000000, reserved size: 1073741824
Narrow klass base: 0x0000019c80000000, Narrow klass shift: 0, Narrow klass range: 0x100000000

GC Precious Log:
 CPUs: 16 total, 16 available
 Memory: 16168M
 Large Page Support: Disabled
 NUMA Support: Disabled
 Compressed Oops: Enabled (Zero based)
 Heap Region Size: 2M
 Heap Min Capacity: 8M
 Heap Initial Capacity: 254M
 Heap Max Capacity: 4044M
 Pre-touch: Disabled
 Parallel Workers: 13
 Concurrent Workers: 3
 Concurrent Refinement Workers: 13
 Periodic GC: Disabled

Heap:
 garbage-first heap   total 260096K, used 18432K [0x0000000703400000, 0x0000000800000000)
  region size 2048K, 10 young (20480K), 0 survivors (0K)
 Metaspace       used 4814K, committed 4992K, reserved 1114112K
  class space    used 602K, committed 704K, reserved 1048576K

Heap Regions: E=young(eden), S=young(survivor), O=old, HS=humongous(starts), HC=humongous(continues), CS=collection set, F=free, OA=open archive, CA=closed archive, TAMS=top-at-mark-start (previous, next)
|   0|0x0000000703400000, 0x0000000703400000, 0x0000000703600000|  0%| F|  |TAMS 0x0000000703400000, 0x0000000703400000| Untracked 
|   1|0x0000000703600000, 0x0000000703600000, 0x0000000703800000|  0%| F|  |TAMS 0x0000000703600000, 0x0000000703600000| Untracked 
|   2|0x0000000703800000, 0x0000000703800000, 0x0000000703a00000|  0%| F|  |TAMS 0x0000000703800000, 0x0000000703800000| Untracked 
|   3|0x0000000703a00000, 0x0000000703a00000, 0x0000000703c00000|  0%| F|  |TAMS 0x0000000703a00000, 0x0000000703a00000| Untracked 
|   4|0x0000000703c00000, 0x0000000703c00000, 0x0000000703e00000|  0%| F|  |TAMS 0x0000000703c00000, 0x0000000703c00000| Untracked 
|   5|0x0000000703e00000, 0x0000000703e00000, 0x0000000704000000|  0%| F|  |TAMS 0x0000000703e00000, 0x0000000703e00000| Untracked 
|   6|0x0000000704000000, 0x0000000704000000, 0x0000000704200000|  0%| F|  |TAMS 0x0000000704000000, 0x0000000704000000| Untracked 
|   7|0x0000000704200000, 0x0000000704200000, 0x0000000704400000|  0%| F|  |TAMS 0x0000000704200000, 0x0000000704200000| Untracked 
|   8|0x0000000704400000, 0x0000000704400000, 0x0000000704600000|  0%| F|  |TAMS 0x0000000704400000, 0x0000000704400000| Untracked 
|   9|0x0000000704600000, 0x0000000704600000, 0x0000000704800000|  0%| F|  |TAMS 0x0000000704600000, 0x0000000704600000| Untracked 
|  10|0x0000000704800000, 0x0000000704800000, 0x0000000704a00000|  0%| F|  |TAMS 0x0000000704800000, 0x0000000704800000| Untracked 
|  11|0x0000000704a00000, 0x0000000704a00000, 0x0000000704c00000|  0%| F|  |TAMS 0x0000000704a00000, 0x0000000704a00000| Untracked 
|  12|0x0000000704c00000, 0x0000000704c00000, 0x0000000704e00000|  0%| F|  |TAMS 0x0000000704c00000, 0x0000000704c00000| Untracked 
|  13|0x0000000704e00000, 0x0000000704e00000, 0x0000000705000000|  0%| F|  |TAMS 0x0000000704e00000, 0x0000000704e00000| Untracked 
|  14|0x0000000705000000, 0x0000000705000000, 0x0000000705200000|  0%| F|  |TAMS 0x0000000705000000, 0x0000000705000000| Untracked 
|  15|0x0000000705200000, 0x0000000705200000, 0x0000000705400000|  0%| F|  |TAMS 0x0000000705200000, 0x0000000705200000| Untracked 
|  16|0x0000000705400000, 0x0000000705400000, 0x0000000705600000|  0%| F|  |TAMS 0x0000000705400000, 0x0000000705400000| Untracked 
|  17|0x0000000705600000, 0x0000000705600000, 0x0000000705800000|  0%| F|  |TAMS 0x0000000705600000, 0x0000000705600000| Untracked 
|  18|0x0000000705800000, 0x0000000705800000, 0x0000000705a00000|  0%| F|  |TAMS 0x0000000705800000, 0x0000000705800000| Untracked 
|  19|0x0000000705a00000, 0x0000000705a00000, 0x0000000705c00000|  0%| F|  |TAMS 0x0000000705a00000, 0x0000000705a00000| Untracked 
|  20|0x0000000705c00000, 0x0000000705c00000, 0x0000000705e00000|  0%| F|  |TAMS 0x0000000705c00000, 0x0000000705c00000| Untracked 
|  21|0x0000000705e00000, 0x0000000705e00000, 0x0000000706000000|  0%| F|  |TAMS 0x0000000705e00000, 0x0000000705e00000| Untracked 
|  22|0x0000000706000000, 0x0000000706000000, 0x0000000706200000|  0%| F|  |TAMS 0x0000000706000000, 0x0000000706000000| Untracked 
|  23|0x0000000706200000, 0x0000000706200000, 0x0000000706400000|  0%| F|  |TAMS 0x0000000706200000, 0x0000000706200000| Untracked 
|  24|0x0000000706400000, 0x0000000706400000, 0x0000000706600000|  0%| F|  |TAMS 0x0000000706400000, 0x0000000706400000| Untracked 
|  25|0x0000000706600000, 0x0000000706600000, 0x0000000706800000|  0%| F|  |TAMS 0x0000000706600000, 0x0000000706600000| Untracked 
|  26|0x0000000706800000, 0x0000000706800000, 0x0000000706a00000|  0%| F|  |TAMS 0x0000000706800000, 0x0000000706800000| Untracked 
|  27|0x0000000706a00000, 0x0000000706a00000, 0x0000000706c00000|  0%| F|  |TAMS 0x0000000706a00000, 0x0000000706a00000| Untracked 
|  28|0x0000000706c00000, 0x0000000706c00000, 0x0000000706e00000|  0%| F|  |TAMS 0x0000000706c00000, 0x0000000706c00000| Untracked 
|  29|0x0000000706e00000, 0x0000000706e00000, 0x0000000707000000|  0%| F|  |TAMS 0x0000000706e00000, 0x0000000706e00000| Untracked 
|  30|0x0000000707000000, 0x0000000707000000, 0x0000000707200000|  0%| F|  |TAMS 0x0000000707000000, 0x0000000707000000| Untracked 
|  31|0x0000000707200000, 0x0000000707200000, 0x0000000707400000|  0%| F|  |TAMS 0x0000000707200000, 0x0000000707200000| Untracked 
|  32|0x0000000707400000, 0x0000000707400000, 0x0000000707600000|  0%| F|  |TAMS 0x0000000707400000, 0x0000000707400000| Untracked 
|  33|0x0000000707600000, 0x0000000707600000, 0x0000000707800000|  0%| F|  |TAMS 0x0000000707600000, 0x0000000707600000| Untracked 
|  34|0x0000000707800000, 0x0000000707800000, 0x0000000707a00000|  0%| F|  |TAMS 0x0000000707800000, 0x0000000707800000| Untracked 
|  35|0x0000000707a00000, 0x0000000707a00000, 0x0000000707c00000|  0%| F|  |TAMS 0x0000000707a00000, 0x0000000707a00000| Untracked 
|  36|0x0000000707c00000, 0x0000000707c00000, 0x0000000707e00000|  0%| F|  |TAMS 0x0000000707c00000, 0x0000000707c00000| Untracked 
|  37|0x0000000707e00000, 0x0000000707e00000, 0x0000000708000000|  0%| F|  |TAMS 0x0000000707e00000, 0x0000000707e00000| Untracked 
|  38|0x0000000708000000, 0x0000000708000000, 0x0000000708200000|  0%| F|  |TAMS 0x0000000708000000, 0x0000000708000000| Untracked 
|  39|0x0000000708200000, 0x0000000708200000, 0x0000000708400000|  0%| F|  |TAMS 0x0000000708200000, 0x0000000708200000| Untracked 
|  40|0x0000000708400000, 0x0000000708400000, 0x0000000708600000|  0%| F|  |TAMS 0x0000000708400000, 0x0000000708400000| Untracked 
|  41|0x0000000708600000, 0x0000000708600000, 0x0000000708800000|  0%| F|  |TAMS 0x0000000708600000, 0x0000000708600000| Untracked 
|  42|0x0000000708800000, 0x0000000708800000, 0x0000000708a00000|  0%| F|  |TAMS 0x0000000708800000, 0x0000000708800000| Untracked 
|  43|0x0000000708a00000, 0x0000000708a00000, 0x0000000708c00000|  0%| F|  |TAMS 0x0000000708a00000, 0x0000000708a00000| Untracked 
|  44|0x0000000708c00000, 0x0000000708c00000, 0x0000000708e00000|  0%| F|  |TAMS 0x0000000708c00000, 0x0000000708c00000| Untracked 
|  45|0x0000000708e00000, 0x0000000708e00000, 0x0000000709000000|  0%| F|  |TAMS 0x0000000708e00000, 0x0000000708e00000| Untracked 
|  46|0x0000000709000000, 0x0000000709000000, 0x0000000709200000|  0%| F|  |TAMS 0x0000000709000000, 0x0000000709000000| Untracked 
|  47|0x0000000709200000, 0x0000000709200000, 0x0000000709400000|  0%| F|  |TAMS 0x0000000709200000, 0x0000000709200000| Untracked 
|  48|0x0000000709400000, 0x0000000709400000, 0x0000000709600000|  0%| F|  |TAMS 0x0000000709400000, 0x0000000709400000| Untracked 
|  49|0x0000000709600000, 0x0000000709600000, 0x0000000709800000|  0%| F|  |TAMS 0x0000000709600000, 0x0000000709600000| Untracked 
|  50|0x0000000709800000, 0x0000000709800000, 0x0000000709a00000|  0%| F|  |TAMS 0x0000000709800000, 0x0000000709800000| Untracked 
|  51|0x0000000709a00000, 0x0000000709a00000, 0x0000000709c00000|  0%| F|  |TAMS 0x0000000709a00000, 0x0000000709a00000| Untracked 
|  52|0x0000000709c00000, 0x0000000709c00000, 0x0000000709e00000|  0%| F|  |TAMS 0x0000000709c00000, 0x0000000709c00000| Untracked 
|  53|0x0000000709e00000, 0x0000000709e00000, 0x000000070a000000|  0%| F|  |TAMS 0x0000000709e00000, 0x0000000709e00000| Untracked 
|  54|0x000000070a000000, 0x000000070a000000, 0x000000070a200000|  0%| F|  |TAMS 0x000000070a000000, 0x000000070a000000| Untracked 
|  55|0x000000070a200000, 0x000000070a200000, 0x000000070a400000|  0%| F|  |TAMS 0x000000070a200000, 0x000000070a200000| Untracked 
|  56|0x000000070a400000, 0x000000070a400000, 0x000000070a600000|  0%| F|  |TAMS 0x000000070a400000, 0x000000070a400000| Untracked 
|  57|0x000000070a600000, 0x000000070a600000, 0x000000070a800000|  0%| F|  |TAMS 0x000000070a600000, 0x000000070a600000| Untracked 
|  58|0x000000070a800000, 0x000000070a800000, 0x000000070aa00000|  0%| F|  |TAMS 0x000000070a800000, 0x000000070a800000| Untracked 
|  59|0x000000070aa00000, 0x000000070aa00000, 0x000000070ac00000|  0%| F|  |TAMS 0x000000070aa00000, 0x000000070aa00000| Untracked 
|  60|0x000000070ac00000, 0x000000070ac00000, 0x000000070ae00000|  0%| F|  |TAMS 0x000000070ac00000, 0x000000070ac00000| Untracked 
|  61|0x000000070ae00000, 0x000000070ae00000, 0x000000070b000000|  0%| F|  |TAMS 0x000000070ae00000, 0x000000070ae00000| Untracked 
|  62|0x000000070b000000, 0x000000070b000000, 0x000000070b200000|  0%| F|  |TAMS 0x000000070b000000, 0x000000070b000000| Untracked 
|  63|0x000000070b200000, 0x000000070b200000, 0x000000070b400000|  0%| F|  |TAMS 0x000000070b200000, 0x000000070b200000| Untracked 
|  64|0x000000070b400000, 0x000000070b400000, 0x000000070b600000|  0%| F|  |TAMS 0x000000070b400000, 0x000000070b400000| Untracked 
|  65|0x000000070b600000, 0x000000070b600000, 0x000000070b800000|  0%| F|  |TAMS 0x000000070b600000, 0x000000070b600000| Untracked 
|  66|0x000000070b800000, 0x000000070b800000, 0x000000070ba00000|  0%| F|  |TAMS 0x000000070b800000, 0x000000070b800000| Untracked 
|  67|0x000000070ba00000, 0x000000070ba00000, 0x000000070bc00000|  0%| F|  |TAMS 0x000000070ba00000, 0x000000070ba00000| Untracked 
|  68|0x000000070bc00000, 0x000000070bc00000, 0x000000070be00000|  0%| F|  |TAMS 0x000000070bc00000, 0x000000070bc00000| Untracked 
|  69|0x000000070be00000, 0x000000070be00000, 0x000000070c000000|  0%| F|  |TAMS 0x000000070be00000, 0x000000070be00000| Untracked 
|  70|0x000000070c000000, 0x000000070c000000, 0x000000070c200000|  0%| F|  |TAMS 0x000000070c000000, 0x000000070c000000| Untracked 
|  71|0x000000070c200000, 0x000000070c200000, 0x000000070c400000|  0%| F|  |TAMS 0x000000070c200000, 0x000000070c200000| Untracked 
|  72|0x000000070c400000, 0x000000070c400000, 0x000000070c600000|  0%| F|  |TAMS 0x000000070c400000, 0x000000070c400000| Untracked 
|  73|0x000000070c600000, 0x000000070c600000, 0x000000070c800000|  0%| F|  |TAMS 0x000000070c600000, 0x000000070c600000| Untracked 
|  74|0x000000070c800000, 0x000000070c800000, 0x000000070ca00000|  0%| F|  |TAMS 0x000000070c800000, 0x000000070c800000| Untracked 
|  75|0x000000070ca00000, 0x000000070ca00000, 0x000000070cc00000|  0%| F|  |TAMS 0x000000070ca00000, 0x000000070ca00000| Untracked 
|  76|0x000000070cc00000, 0x000000070cc00000, 0x000000070ce00000|  0%| F|  |TAMS 0x000000070cc00000, 0x000000070cc00000| Untracked 
|  77|0x000000070ce00000, 0x000000070ce00000, 0x000000070d000000|  0%| F|  |TAMS 0x000000070ce00000, 0x000000070ce00000| Untracked 
|  78|0x000000070d000000, 0x000000070d000000, 0x000000070d200000|  0%| F|  |TAMS 0x000000070d000000, 0x000000070d000000| Untracked 
|  79|0x000000070d200000, 0x000000070d200000, 0x000000070d400000|  0%| F|  |TAMS 0x000000070d200000, 0x000000070d200000| Untracked 
|  80|0x000000070d400000, 0x000000070d400000, 0x000000070d600000|  0%| F|  |TAMS 0x000000070d400000, 0x000000070d400000| Untracked 
|  81|0x000000070d600000, 0x000000070d600000, 0x000000070d800000|  0%| F|  |TAMS 0x000000070d600000, 0x000000070d600000| Untracked 
|  82|0x000000070d800000, 0x000000070d800000, 0x000000070da00000|  0%| F|  |TAMS 0x000000070d800000, 0x000000070d800000| Untracked 
|  83|0x000000070da00000, 0x000000070da00000, 0x000000070dc00000|  0%| F|  |TAMS 0x000000070da00000, 0x000000070da00000| Untracked 
|  84|0x000000070dc00000, 0x000000070dc00000, 0x000000070de00000|  0%| F|  |TAMS 0x000000070dc00000, 0x000000070dc00000| Untracked 
|  85|0x000000070de00000, 0x000000070de00000, 0x000000070e000000|  0%| F|  |TAMS 0x000000070de00000, 0x000000070de00000| Untracked 
|  86|0x000000070e000000, 0x000000070e000000, 0x000000070e200000|  0%| F|  |TAMS 0x000000070e000000, 0x000000070e000000| Untracked 
|  87|0x000000070e200000, 0x000000070e200000, 0x000000070e400000|  0%| F|  |TAMS 0x000000070e200000, 0x000000070e200000| Untracked 
|  88|0x000000070e400000, 0x000000070e400000, 0x000000070e600000|  0%| F|  |TAMS 0x000000070e400000, 0x000000070e400000| Untracked 
|  89|0x000000070e600000, 0x000000070e600000, 0x000000070e800000|  0%| F|  |TAMS 0x000000070e600000, 0x000000070e600000| Untracked 
|  90|0x000000070e800000, 0x000000070e800000, 0x000000070ea00000|  0%| F|  |TAMS 0x000000070e800000, 0x000000070e800000| Untracked 
|  91|0x000000070ea00000, 0x000000070ea00000, 0x000000070ec00000|  0%| F|  |TAMS 0x000000070ea00000, 0x000000070ea00000| Untracked 
|  92|0x000000070ec00000, 0x000000070ec00000, 0x000000070ee00000|  0%| F|  |TAMS 0x000000070ec00000, 0x000000070ec00000| Untracked 
|  93|0x000000070ee00000, 0x000000070ee00000, 0x000000070f000000|  0%| F|  |TAMS 0x000000070ee00000, 0x000000070ee00000| Untracked 
|  94|0x000000070f000000, 0x000000070f000000, 0x000000070f200000|  0%| F|  |TAMS 0x000000070f000000, 0x000000070f000000| Untracked 
|  95|0x000000070f200000, 0x000000070f200000, 0x000000070f400000|  0%| F|  |TAMS 0x000000070f200000, 0x000000070f200000| Untracked 
|  96|0x000000070f400000, 0x000000070f400000, 0x000000070f600000|  0%| F|  |TAMS 0x000000070f400000, 0x000000070f400000| Untracked 
|  97|0x000000070f600000, 0x000000070f600000, 0x000000070f800000|  0%| F|  |TAMS 0x000000070f600000, 0x000000070f600000| Untracked 
|  98|0x000000070f800000, 0x000000070f800000, 0x000000070fa00000|  0%| F|  |TAMS 0x000000070f800000, 0x000000070f800000| Untracked 
|  99|0x000000070fa00000, 0x000000070fa00000, 0x000000070fc00000|  0%| F|  |TAMS 0x000000070fa00000, 0x000000070fa00000| Untracked 
| 100|0x000000070fc00000, 0x000000070fc00000, 0x000000070fe00000|  0%| F|  |TAMS 0x000000070fc00000, 0x000000070fc00000| Untracked 
| 101|0x000000070fe00000, 0x000000070fe00000, 0x0000000710000000|  0%| F|  |TAMS 0x000000070fe00000, 0x000000070fe00000| Untracked 
| 102|0x0000000710000000, 0x0000000710000000, 0x0000000710200000|  0%| F|  |TAMS 0x0000000710000000, 0x0000000710000000| Untracked 
| 103|0x0000000710200000, 0x0000000710200000, 0x0000000710400000|  0%| F|  |TAMS 0x0000000710200000, 0x0000000710200000| Untracked 
| 104|0x0000000710400000, 0x0000000710400000, 0x0000000710600000|  0%| F|  |TAMS 0x0000000710400000, 0x0000000710400000| Untracked 
| 105|0x0000000710600000, 0x0000000710600000, 0x0000000710800000|  0%| F|  |TAMS 0x0000000710600000, 0x0000000710600000| Untracked 
| 106|0x0000000710800000, 0x0000000710800000, 0x0000000710a00000|  0%| F|  |TAMS 0x0000000710800000, 0x0000000710800000| Untracked 
| 107|0x0000000710a00000, 0x0000000710a00000, 0x0000000710c00000|  0%| F|  |TAMS 0x0000000710a00000, 0x0000000710a00000| Untracked 
| 108|0x0000000710c00000, 0x0000000710c00000, 0x0000000710e00000|  0%| F|  |TAMS 0x0000000710c00000, 0x0000000710c00000| Untracked 
| 109|0x0000000710e00000, 0x0000000710e00000, 0x0000000711000000|  0%| F|  |TAMS 0x0000000710e00000, 0x0000000710e00000| Untracked 
| 110|0x0000000711000000, 0x0000000711000000, 0x0000000711200000|  0%| F|  |TAMS 0x0000000711000000, 0x0000000711000000| Untracked 
| 111|0x0000000711200000, 0x0000000711200000, 0x0000000711400000|  0%| F|  |TAMS 0x0000000711200000, 0x0000000711200000| Untracked 
| 112|0x0000000711400000, 0x0000000711400000, 0x0000000711600000|  0%| F|  |TAMS 0x0000000711400000, 0x0000000711400000| Untracked 
| 113|0x0000000711600000, 0x0000000711600000, 0x0000000711800000|  0%| F|  |TAMS 0x0000000711600000, 0x0000000711600000| Untracked 
| 114|0x0000000711800000, 0x0000000711800000, 0x0000000711a00000|  0%| F|  |TAMS 0x0000000711800000, 0x0000000711800000| Untracked 
| 115|0x0000000711a00000, 0x0000000711a00000, 0x0000000711c00000|  0%| F|  |TAMS 0x0000000711a00000, 0x0000000711a00000| Untracked 
| 116|0x0000000711c00000, 0x0000000711c00000, 0x0000000711e00000|  0%| F|  |TAMS 0x0000000711c00000, 0x0000000711c00000| Untracked 
| 117|0x0000000711e00000, 0x0000000711ee38e0, 0x0000000712000000| 44%| E|  |TAMS 0x0000000711e00000, 0x0000000711e00000| Complete 
| 118|0x0000000712000000, 0x0000000712200000, 0x0000000712200000|100%| E|CS|TAMS 0x0000000712000000, 0x0000000712000000| Complete 
| 119|0x0000000712200000, 0x0000000712400000, 0x0000000712400000|100%| E|CS|TAMS 0x0000000712200000, 0x0000000712200000| Complete 
| 120|0x0000000712400000, 0x0000000712600000, 0x0000000712600000|100%| E|CS|TAMS 0x0000000712400000, 0x0000000712400000| Complete 
| 121|0x0000000712600000, 0x0000000712800000, 0x0000000712800000|100%| E|CS|TAMS 0x0000000712600000, 0x0000000712600000| Complete 
| 122|0x0000000712800000, 0x0000000712a00000, 0x0000000712a00000|100%| E|CS|TAMS 0x0000000712800000, 0x0000000712800000| Complete 
| 123|0x0000000712a00000, 0x0000000712c00000, 0x0000000712c00000|100%| E|CS|TAMS 0x0000000712a00000, 0x0000000712a00000| Complete 
| 124|0x0000000712c00000, 0x0000000712e00000, 0x0000000712e00000|100%| E|CS|TAMS 0x0000000712c00000, 0x0000000712c00000| Complete 
| 125|0x0000000712e00000, 0x0000000713000000, 0x0000000713000000|100%| E|CS|TAMS 0x0000000712e00000, 0x0000000712e00000| Complete 
| 126|0x0000000713000000, 0x0000000713200000, 0x0000000713200000|100%| E|CS|TAMS 0x0000000713000000, 0x0000000713000000| Complete 

Card table byte_map: [0x0000019cd4ba0000,0x0000019cd5390000] _byte_map_base: 0x0000019cd1386000

Marking Bits (Prev, Next): (CMBitMap*) 0x0000019cc92bebd0, (CMBitMap*) 0x0000019cc92bec10
 Prev Bits: [0x0000019cd5b80000, 0x0000019cd9ab0000)
 Next Bits: [0x0000019cd9ab0000, 0x0000019cdd9e0000)

Polling page: 0x0000019cc7050000

Metaspace:

Usage:
  Non-class:      4.11 MB used.
      Class:    602.55 KB used.
       Both:      4.70 MB used.

Virtual space:
  Non-class space:       64.00 MB reserved,       4.19 MB (  7%) committed,  1 nodes.
      Class space:        1.00 GB reserved,     704.00 KB ( <1%) committed,  1 nodes.
             Both:        1.06 GB reserved,       4.88 MB ( <1%) committed. 

Chunk freelists:
   Non-Class:  11.48 MB
       Class:  15.25 MB
        Both:  26.73 MB

MaxMetaspaceSize: unlimited
CompressedClassSpaceSize: 1.00 GB
Initial GC threshold: 21.00 MB
Current GC threshold: 21.00 MB
CDS: on
MetaspaceReclaimPolicy: balanced
 - commit_granule_bytes: 65536.
 - commit_granule_words: 8192.
 - virtual_space_node_default_size: 8388608.
 - enlarge_chunks_in_place: 1.
 - new_chunks_are_fully_committed: 0.
 - uncommit_free_chunks: 1.
 - use_allocation_guard: 0.
 - handle_deallocations: 1.


Internal statistics:

num_allocs_failed_limit: 0.
num_arena_births: 98.
num_arena_deaths: 0.
num_vsnodes_births: 2.
num_vsnodes_deaths: 0.
num_space_committed: 78.
num_space_uncommitted: 0.
num_chunks_returned_to_freelist: 0.
num_chunks_taken_from_freelist: 135.
num_chunk_merges: 0.
num_chunk_splits: 93.
num_chunks_enlarged: 62.
num_inconsistent_stats: 0.

CodeCache: size=49152Kb used=4479Kb max_used=4479Kb free=44673Kb
 bounds [0x0000019cd0d50000, 0x0000019cd11b0000, 0x0000019cd3d50000]
 total_blobs=1503 nmethods=1053 adapters=375
 compilation: disabled (not enough contiguous free space left)
              stopped_count=1, restarted_count=0
 full_count=1

Compilation events (20 events):
Event: 0.635 Thread 0x0000019ce0bdef30 1045       1       jdk.internal.org.objectweb.asm.MethodVisitor::<init> (88 bytes)
Event: 0.635 Thread 0x0000019ce03f7c10 1046       1       jdk.internal.org.objectweb.asm.Frame::<init> (10 bytes)
Event: 0.635 Thread 0x0000019ce03f7c10 nmethod 1046 0x0000019cd11a9010 code [0x0000019cd11a91a0, 0x0000019cd11a92b8]
Event: 0.636 Thread 0x0000019ce0bdef30 nmethod 1045 0x0000019cd11a9310 code [0x0000019cd11a9500, 0x0000019cd11a9a08]
Event: 0.636 Thread 0x0000019ce0bdbf60 nmethod 1030 0x0000019cd11a9c10 code [0x0000019cd11aa040, 0x0000019cd11ab7c8]
Event: 0.638 Thread 0x0000019ce0bdbf60 1047       1       java.security.AccessController::doPrivileged (9 bytes)
Event: 0.638 Thread 0x0000019ce0bdbf60 nmethod 1047 0x0000019cd11ac690 code [0x0000019cd11ac840, 0x0000019cd11ac938]
Event: 0.639 Thread 0x0000019ce03f7c10 1048       1       java.lang.invoke.MethodHandleNatives::refKindIsMethod (19 bytes)
Event: 0.639 Thread 0x0000019ce03f7c10 nmethod 1048 0x0000019cd11aca10 code [0x0000019cd11acba0, 0x0000019cd11acc78]
Event: 0.639 Thread 0x0000019ce03f7c10 1049       1       jdk.internal.access.SharedSecrets::getJavaLangAccess (4 bytes)
Event: 0.639 Thread 0x0000019ce03f7c10 nmethod 1049 0x0000019cd11acd10 code [0x0000019cd11acea0, 0x0000019cd11acf58]
Event: 0.645 Thread 0x0000019ce03f7c10 1050       1       java.util.Properties::getProperty (50 bytes)
Event: 0.645 Thread 0x0000019ce0bdef30 1051       1       java.lang.invoke.Invokers$Holder::linkToTargetMethod (9 bytes)
Event: 0.645 Thread 0x0000019ce0bdbf60 1052       1       java.lang.invoke.MethodHandles$Lookup::in (283 bytes)
Event: 0.645 Thread 0x0000019ce0bdef30 nmethod 1051 0x0000019cd11ad010 code [0x0000019cd11ad1c0, 0x0000019cd11ad2d8]
Event: 0.645 Thread 0x0000019ce03f7c10 nmethod 1050 0x0000019cd11ad390 code [0x0000019cd11ad540, 0x0000019cd11ad738]
Event: 0.647 Thread 0x0000019ce0bdbf60 nmethod 1052 0x0000019cd11ad890 code [0x0000019cd11adba0, 0x0000019cd11ae8f8]
Event: 0.648 Thread 0x0000019ce0bdbf60 1053       1       java.lang.Class::descriptorString (170 bytes)
Event: 0.649 Thread 0x0000019ce0b204b0 1054       1       java.lang.invoke.BoundMethodHandle::<init> (32 bytes)
Event: 0.649 Thread 0x0000019ce0b204b0 nmethod 1054 0x0000019cd11af910 code [0x0000019cd11afaa0, 0x0000019cd11afba8]

GC Heap History (0 events):
No events

Dll operation events (10 events):
Event: 0.010 Loaded shared library C:\Users\13298\.jdks\corretto-17.0.10\bin\java.dll
Event: 0.012 Loaded shared library C:\Users\13298\.jdks\corretto-17.0.10\bin\zip.dll
Event: 0.029 Loaded shared library C:\Users\13298\.jdks\corretto-17.0.10\bin\jsvml.dll
Event: 0.220 Loaded shared library C:\Users\13298\.jdks\corretto-17.0.10\bin\instrument.dll
Event: 0.231 Loaded shared library C:\Users\13298\.jdks\corretto-17.0.10\bin\net.dll
Event: 0.232 Loaded shared library C:\Users\13298\.jdks\corretto-17.0.10\bin\nio.dll
Event: 0.235 Loaded shared library C:\Users\13298\.jdks\corretto-17.0.10\bin\zip.dll
Event: 0.332 Loaded shared library C:\Users\13298\.jdks\corretto-17.0.10\bin\jimage.dll
Event: 0.455 Loaded shared library C:\Users\13298\.jdks\corretto-17.0.10\bin\management.dll
Event: 0.466 Loaded shared library C:\Users\13298\.jdks\corretto-17.0.10\bin\management_ext.dll

Deoptimization events (0 events):
No events

Classes unloaded (0 events):
No events

Classes redefined (0 events):
No events

Internal exceptions (13 events):
Event: 0.374 Thread 0x0000019cc9250580 Exception <a 'java/lang/NoSuchMethodError'{0x0000000712772e98}: 'java.lang.Object java.lang.invoke.DirectMethodHandle$Holder.invokeSpecial(java.lang.Object, java.lang.Object, java.lang.Object, long, java.lang.Object)'> (0x0000000712772e98) 
thrown [s\src\hotspot\share\interpreter\linkResolver.cpp, line 759]
Event: 0.374 Thread 0x0000019cc9250580 Exception <a 'java/lang/NoSuchMethodError'{0x0000000712776b38}: 'java.lang.Object java.lang.invoke.Invokers$Holder.linkToTargetMethod(java.lang.Object, long, java.lang.Object, java.lang.Object)'> (0x0000000712776b38) 
thrown [s\src\hotspot\share\interpreter\linkResolver.cpp, line 759]
Event: 0.391 Thread 0x0000019cc9250580 Exception <a 'java/lang/ClassNotFoundException'{0x00000007127a6c08}: javax/smartcardio/CardPermission> (0x00000007127a6c08) 
thrown [s\src\hotspot\share\classfile\systemDictionary.cpp, line 256]
Event: 0.394 Thread 0x0000019cc9250580 Exception <a 'java/io/FileNotFoundException'{0x00000007127b4e70}> (0x00000007127b4e70) 
thrown [s\src\hotspot\share\prims\jni.cpp, line 516]
Event: 0.453 Thread 0x0000019cc9250580 Exception <a 'java/lang/NoSuchMethodError'{0x000000071256fb58}: 'java.lang.Object java.lang.invoke.DirectMethodHandle$Holder.invokeStaticInit(java.lang.Object)'> (0x000000071256fb58) 
thrown [s\src\hotspot\share\interpreter\linkResolver.cpp, line 759]
Event: 0.470 Thread 0x0000019cc9250580 Exception <a 'java/lang/NoSuchMethodError'{0x0000000712206350}: 'int java.lang.invoke.DirectMethodHandle$Holder.invokeInterface(java.lang.Object, java.lang.Object)'> (0x0000000712206350) 
thrown [s\src\hotspot\share\interpreter\linkResolver.cpp, line 759]
Event: 0.471 Thread 0x0000019cc9250580 Exception <a 'java/lang/IncompatibleClassChangeError'{0x0000000712209950}: Found class java.lang.Object, but interface was expected> (0x0000000712209950) 
thrown [s\src\hotspot\share\interpreter\linkResolver.cpp, line 826]
Event: 0.472 Thread 0x0000019cc9250580 Exception <a 'java/lang/NoSuchMethodError'{0x000000071220fbc0}: 'void java.lang.invoke.DirectMethodHandle$Holder.invokeStatic(java.lang.Object, java.lang.Object)'> (0x000000071220fbc0) 
thrown [s\src\hotspot\share\interpreter\linkResolver.cpp, line 759]
Event: 0.511 Thread 0x0000019cc9250580 Exception <a 'java/lang/NoSuchMethodError'{0x0000000712344710}: 'int java.lang.invoke.DirectMethodHandle$Holder.invokeSpecial(java.lang.Object, java.lang.Object, java.lang.Object)'> (0x0000000712344710) 
thrown [s\src\hotspot\share\interpreter\linkResolver.cpp, line 759]
Event: 0.554 Thread 0x0000019cc9250580 Exception <a 'java/lang/NoSuchMethodError'{0x00000007120bdcf0}: 'void java.lang.invoke.DirectMethodHandle$Holder.invokeStatic(java.lang.Object, java.lang.Object, java.lang.Object)'> (0x00000007120bdcf0) 
thrown [s\src\hotspot\share\interpreter\linkResolver.cpp, line 759]
Event: 0.565 Thread 0x0000019cc9250580 Exception <a 'java/lang/NoSuchMethodError'{0x000000071211da50}: 'int java.lang.invoke.DirectMethodHandle$Holder.invokeSpecialIFC(java.lang.Object, java.lang.Object, java.lang.Object)'> (0x000000071211da50) 
thrown [s\src\hotspot\share\interpreter\linkResolver.cpp, line 759]
Event: 0.591 Thread 0x0000019cc9250580 Exception <a 'java/lang/NoSuchMethodError'{0x00000007121f4ad0}: 'java.lang.Object java.lang.invoke.DirectMethodHandle$Holder.invokeStaticInit(java.lang.Object, int, int, int, int)'> (0x00000007121f4ad0) 
thrown [s\src\hotspot\share\interpreter\linkResolver.cpp, line 759]
Event: 0.635 Thread 0x0000019cc9250580 Exception <a 'java/lang/NoSuchMethodError'{0x0000000711e71f00}: 'java.lang.Object java.lang.invoke.DirectMethodHandle$Holder.invokeStaticInit(java.lang.Object, java.lang.Object, int, int, int, int)'> (0x0000000711e71f00) 
thrown [s\src\hotspot\share\interpreter\linkResolver.cpp, line 759]

VM Operations (20 events):
Event: 0.118 Executing VM operation: HandshakeAllThreads
Event: 0.118 Executing VM operation: HandshakeAllThreads done
Event: 0.131 Executing VM operation: ChangeBreakpoints
Event: 0.131 Executing VM operation: ChangeBreakpoints done
Event: 0.157 Executing VM operation: ChangeBreakpoints
Event: 0.157 Executing VM operation: ChangeBreakpoints done
Event: 0.157 Executing VM operation: ChangeBreakpoints
Event: 0.157 Executing VM operation: ChangeBreakpoints done
Event: 0.329 Executing VM operation: HandshakeAllThreads
Event: 0.329 Executing VM operation: HandshakeAllThreads done
Event: 0.338 Executing VM operation: HandshakeAllThreads
Event: 0.338 Executing VM operation: HandshakeAllThreads done
Event: 0.445 Executing VM operation: HandshakeAllThreads
Event: 0.445 Executing VM operation: HandshakeAllThreads done
Event: 0.475 Executing VM operation: HandshakeAllThreads
Event: 0.475 Executing VM operation: HandshakeAllThreads done
Event: 0.572 Executing VM operation: HandshakeAllThreads
Event: 0.572 Executing VM operation: HandshakeAllThreads done
Event: 0.579 Executing VM operation: HandshakeAllThreads
Event: 0.579 Executing VM operation: HandshakeAllThreads done

Events (20 events):
Event: 0.648 loading class java/util/concurrent/SynchronousQueue$TransferStack$SNode done
Event: 0.648 loading class sun/rmi/transport/tcp/TCPTransport$1
Event: 0.648 loading class sun/rmi/transport/tcp/TCPTransport$1 done
Event: 0.648 loading class java/rmi/server/RMISocketFactory
Event: 0.648 loading class java/rmi/server/RMIClientSocketFactory
Event: 0.648 loading class java/rmi/server/RMIClientSocketFactory done
Event: 0.648 loading class java/rmi/server/RMISocketFactory done
Event: 0.648 loading class sun/rmi/transport/tcp/TCPDirectSocketFactory
Event: 0.648 loading class sun/rmi/transport/tcp/TCPDirectSocketFactory done
Event: 0.649 loading class sun/rmi/server/UnicastRef2
Event: 0.649 loading class sun/rmi/server/UnicastRef2 done
Event: 0.649 loading class javax/management/remote/rmi/RMIServerImpl_Stub
Event: 0.649 loading class java/rmi/server/RemoteStub
Event: 0.649 loading class java/rmi/server/RemoteObject
Event: 0.649 loading class java/rmi/server/RemoteObject done
Event: 0.649 loading class java/rmi/server/RemoteStub done
Event: 0.649 loading class javax/management/remote/rmi/RMIServerImpl_Stub done
Event: 0.649 loading class java/rmi/RemoteException
Event: 0.649 loading class java/rmi/RemoteException done
Event: 0.649 loading class javax/management/remote/rmi/RMIConnection


Dynamic libraries:
0x00007ff638df0000 - 0x00007ff638dfe000 	C:\Users\13298\.jdks\corretto-17.0.10\bin\java.exe
0x00007ffe72e30000 - 0x00007ffe73047000 	C:\WINDOWS\SYSTEM32\ntdll.dll
0x00007ffe71b40000 - 0x00007ffe71c04000 	C:\WINDOWS\System32\KERNEL32.DLL
0x00007ffe703c0000 - 0x00007ffe70766000 	C:\WINDOWS\System32\KERNELBASE.dll
0x00007ffe70980000 - 0x00007ffe70a91000 	C:\WINDOWS\System32\ucrtbase.dll
0x00007ffe661c0000 - 0x00007ffe661db000 	C:\Users\13298\.jdks\corretto-17.0.10\bin\VCRUNTIME140.dll
0x00007ffe66f00000 - 0x00007ffe66f17000 	C:\Users\13298\.jdks\corretto-17.0.10\bin\jli.dll
0x00007ffe72b10000 - 0x00007ffe72cbe000 	C:\WINDOWS\System32\USER32.dll
0x00007ffe70aa0000 - 0x00007ffe70ac6000 	C:\WINDOWS\System32\win32u.dll
0x00007ffe53400000 - 0x00007ffe53693000 	C:\WINDOWS\WinSxS\amd64_microsoft.windows.common-controls_6595b64144ccf1df_6.0.22621.2506_none_270c5ae97388e100\COMCTL32.dll
0x00007ffe72d40000 - 0x00007ffe72de7000 	C:\WINDOWS\System32\msvcrt.dll
0x00007ffe717b0000 - 0x00007ffe717d9000 	C:\WINDOWS\System32\GDI32.dll
0x00007ffe70230000 - 0x00007ffe70348000 	C:\WINDOWS\System32\gdi32full.dll
0x00007ffe708e0000 - 0x00007ffe7097a000 	C:\WINDOWS\System32\msvcp_win.dll
0x00007ffe71f70000 - 0x00007ffe71fa1000 	C:\WINDOWS\System32\IMM32.DLL
0x00007ffe66230000 - 0x00007ffe6623c000 	C:\Users\13298\.jdks\corretto-17.0.10\bin\vcruntime140_1.dll
0x00007ffe595b0000 - 0x00007ffe5963d000 	C:\Users\13298\.jdks\corretto-17.0.10\bin\msvcp140.dll
0x00007ffdc2150000 - 0x00007ffdc2db2000 	C:\Users\13298\.jdks\corretto-17.0.10\bin\server\jvm.dll
0x00007ffe71530000 - 0x00007ffe715e3000 	C:\WINDOWS\System32\ADVAPI32.dll
0x00007ffe71480000 - 0x00007ffe71528000 	C:\WINDOWS\System32\sechost.dll
0x00007ffe70b50000 - 0x00007ffe70b78000 	C:\WINDOWS\System32\bcrypt.dll
0x00007ffe71c60000 - 0x00007ffe71d77000 	C:\WINDOWS\System32\RPCRT4.dll
0x00007ffe64a80000 - 0x00007ffe64a89000 	C:\WINDOWS\SYSTEM32\WSOCK32.dll
0x00007ffe6f000000 - 0x00007ffe6f04d000 	C:\WINDOWS\SYSTEM32\POWRPROF.dll
0x00007ffe64990000 - 0x00007ffe649c4000 	C:\WINDOWS\SYSTEM32\WINMM.dll
0x00007ffe70bd0000 - 0x00007ffe70c41000 	C:\WINDOWS\System32\WS2_32.dll
0x00007ffe64c80000 - 0x00007ffe64c8a000 	C:\WINDOWS\SYSTEM32\VERSION.dll
0x00007ffe6efe0000 - 0x00007ffe6eff3000 	C:\WINDOWS\SYSTEM32\UMPDC.dll
0x00007ffe6f2a0000 - 0x00007ffe6f2b8000 	C:\WINDOWS\SYSTEM32\kernel.appcore.dll
0x00007ffe65940000 - 0x00007ffe6594a000 	C:\Users\13298\.jdks\corretto-17.0.10\bin\jimage.dll
0x00007ffe6da90000 - 0x00007ffe6dcc3000 	C:\WINDOWS\SYSTEM32\DBGHELP.DLL
0x00007ffe710d0000 - 0x00007ffe71459000 	C:\WINDOWS\System32\combase.dll
0x00007ffe718a0000 - 0x00007ffe71977000 	C:\WINDOWS\System32\OLEAUT32.dll
0x00007ffe61570000 - 0x00007ffe615a2000 	C:\WINDOWS\SYSTEM32\dbgcore.DLL
0x00007ffe70ad0000 - 0x00007ffe70b4a000 	C:\WINDOWS\System32\bcryptPrimitives.dll
0x00007ffe5b870000 - 0x00007ffe5b8ab000 	C:\Users\13298\.jdks\corretto-17.0.10\bin\jdwp.dll
0x00007ffe67350000 - 0x00007ffe6735e000 	C:\Users\13298\.jdks\corretto-17.0.10\bin\instrument.dll
0x00007ffe64b70000 - 0x00007ffe64b95000 	C:\Users\13298\.jdks\corretto-17.0.10\bin\java.dll
0x00007ffe63e90000 - 0x00007ffe63ea8000 	C:\Users\13298\.jdks\corretto-17.0.10\bin\zip.dll
0x00007ffdd9d20000 - 0x00007ffdd9df7000 	C:\Users\13298\.jdks\corretto-17.0.10\bin\jsvml.dll
0x00007ffe72150000 - 0x00007ffe729ab000 	C:\WINDOWS\System32\SHELL32.dll
0x00007ffe6e0e0000 - 0x00007ffe6e9d6000 	C:\WINDOWS\SYSTEM32\windows.storage.dll
0x00007ffe6dfa0000 - 0x00007ffe6e0de000 	C:\WINDOWS\SYSTEM32\wintypes.dll
0x00007ffe71e10000 - 0x00007ffe71f03000 	C:\WINDOWS\System32\SHCORE.dll
0x00007ffe71f10000 - 0x00007ffe71f6e000 	C:\WINDOWS\System32\shlwapi.dll
0x00007ffe700a0000 - 0x00007ffe700c6000 	C:\WINDOWS\SYSTEM32\profapi.dll
0x00007ffe66720000 - 0x00007ffe6672c000 	C:\Users\13298\.jdks\corretto-17.0.10\bin\dt_socket.dll
0x00007ffe6ecb0000 - 0x00007ffe6ecdd000 	C:\WINDOWS\SYSTEM32\IPHLPAPI.DLL
0x00007ffe6f720000 - 0x00007ffe6f789000 	C:\WINDOWS\system32\mswsock.dll
0x00007ffe64b50000 - 0x00007ffe64b69000 	C:\Users\13298\.jdks\corretto-17.0.10\bin\net.dll
0x00007ffe67050000 - 0x00007ffe67187000 	C:\WINDOWS\SYSTEM32\WINHTTP.dll
0x00007ffe64a90000 - 0x00007ffe64aa6000 	C:\Users\13298\.jdks\corretto-17.0.10\bin\nio.dll
0x00007ffe6ed20000 - 0x00007ffe6ee19000 	C:\WINDOWS\SYSTEM32\DNSAPI.dll
0x00007ffe71c30000 - 0x00007ffe71c39000 	C:\WINDOWS\System32\NSI.dll
0x00007ffe65420000 - 0x00007ffe6542a000 	C:\Windows\System32\rasadhlp.dll
0x00007ffe656f0000 - 0x00007ffe65773000 	C:\WINDOWS\System32\fwpuclnt.dll
0x00007ffe661a0000 - 0x00007ffe661a9000 	C:\Users\13298\.jdks\corretto-17.0.10\bin\management.dll
0x00007ffe63d70000 - 0x00007ffe63d7b000 	C:\Users\13298\.jdks\corretto-17.0.10\bin\management_ext.dll
0x00007ffe71c50000 - 0x00007ffe71c58000 	C:\WINDOWS\System32\PSAPI.DLL
0x00007ffe6f970000 - 0x00007ffe6f98b000 	C:\WINDOWS\SYSTEM32\CRYPTSP.dll
0x00007ffe6f200000 - 0x00007ffe6f235000 	C:\WINDOWS\system32\rsaenh.dll
0x00007ffe6f810000 - 0x00007ffe6f83c000 	C:\WINDOWS\SYSTEM32\USERENV.dll
0x00007ffe6f990000 - 0x00007ffe6f99c000 	C:\WINDOWS\SYSTEM32\CRYPTBASE.dll
0x00007ffe66b40000 - 0x00007ffe66b59000 	C:\WINDOWS\SYSTEM32\dhcpcsvc6.DLL
0x00007ffe66a30000 - 0x00007ffe66a4f000 	C:\WINDOWS\SYSTEM32\dhcpcsvc.DLL
0x00007ffddfd60000 - 0x00007ffddfd7b000 	C:\WINDOWS\system32\pnrpnsp.dll
0x00007ffddfd80000 - 0x00007ffddfd91000 	C:\WINDOWS\System32\winrnr.dll
0x00007ffe473b0000 - 0x00007ffe473d1000 	C:\WINDOWS\system32\nlansp_c.dll

dbghelp: loaded successfully - version: 4.0.5 - missing functions: none
symbol engine: initialized successfully - sym options: 0x614 - pdb path: .;C:\Users\13298\.jdks\corretto-17.0.10\bin;C:\WINDOWS\SYSTEM32;C:\WINDOWS\WinSxS\amd64_microsoft.windows.common-controls_6595b64144ccf1df_6.0.22621.2506_none_270c5ae97388e100;C:\Users\13298\.jdks\corretto-17.0.10\bin\server

VM Arguments:
jvm_args: -agentlib:jdwp=transport=dt_socket,address=127.0.0.1:58461,suspend=y,server=n -XX:TieredStopAtLevel=1 -Dspring.output.ansi.enabled=always -Dcom.sun.management.jmxremote -Dspring.jmx.enabled=true -Dspring.liveBeansView.mbeanDomain -Dspring.application.admin.enabled=true -Dmanagement.endpoints.jmx.exposure.include=* -javaagent:C:\Users\13298\AppData\Local\JetBrains\IntelliJIdea2023.3\captureAgent\debugger-agent.jar=file:/C:/Users/13298/AppData/Local/Temp/capture.props -Dfile.encoding=UTF-8 
java_command: com.itheima.BigEventApplication
java_class_path (initial): E:\ProjectSpace\big-event\target\classes;D:\apache-maven-3.6.1\repository\org\springframework\boot\spring-boot-starter-web\3.1.3\spring-boot-starter-web-3.1.3.jar;D:\apache-maven-3.6.1\repository\org\springframework\boot\spring-boot-starter\3.1.3\spring-boot-starter-3.1.3.jar;D:\apache-maven-3.6.1\repository\org\springframework\boot\spring-boot\3.1.3\spring-boot-3.1.3.jar;D:\apache-maven-3.6.1\repository\org\springframework\boot\spring-boot-autoconfigure\3.1.3\spring-boot-autoconfigure-3.1.3.jar;D:\apache-maven-3.6.1\repository\org\springframework\boot\spring-boot-starter-logging\3.1.3\spring-boot-starter-logging-3.1.3.jar;D:\apache-maven-3.6.1\repository\ch\qos\logback\logback-classic\1.4.11\logback-classic-1.4.11.jar;D:\apache-maven-3.6.1\repository\ch\qos\logback\logback-core\1.4.11\logback-core-1.4.11.jar;D:\apache-maven-3.6.1\repository\org\apache\logging\log4j\log4j-to-slf4j\2.20.0\log4j-to-slf4j-2.20.0.jar;D:\apache-maven-3.6.1\repository\org\apache\logging\log4j\log4j-api\2.20.0\log4j-api-2.20.0.jar;D:\apache-maven-3.6.1\repository\org\slf4j\jul-to-slf4j\2.0.7\jul-to-slf4j-2.0.7.jar;D:\apache-maven-3.6.1\repository\jakarta\annotation\jakarta.annotation-api\2.1.1\jakarta.annotation-api-2.1.1.jar;D:\apache-maven-3.6.1\repository\org\yaml\snakeyaml\1.33\snakeyaml-1.33.jar;D:\apache-maven-3.6.1\repository\org\springframework\boot\spring-boot-starter-json\3.1.3\spring-boot-starter-json-3.1.3.jar;D:\apache-maven-3.6.1\repository\com\fasterxml\jackson\datatype\jackson-datatype-jdk8\2.15.2\jackson-datatype-jdk8-2.15.2.jar;D:\apache-maven-3.6.1\repository\com\fasterxml\jackson\datatype\jackson-datatype-jsr310\2.15.2\jackson-datatype-jsr310-2.15.2.jar;D:\apache-maven-3.6.1\repository\com\fasterxml\jackson\module\jackson-module-parameter-names\2.15.2\jackson-module-parameter-names-2.15.2.jar;D:\apache-maven-3.6.1\repository\org\springframework\boot\spring-boot-starter-tomcat\3.1.3\spring-boot-starter-tomcat-3.1.3.jar;D:\apache-maven-3.6.1\r
Launcher Type: SUN_STANDARD

[Global flags]
     intx CICompilerCount                          = 12                                        {product} {ergonomic}
     uint ConcGCThreads                            = 3                                         {product} {ergonomic}
     uint G1ConcRefinementThreads                  = 13                                        {product} {ergonomic}
   size_t G1HeapRegionSize                         = 2097152                                   {product} {ergonomic}
    uintx GCDrainStackTargetSize                   = 64                                        {product} {ergonomic}
   size_t InitialHeapSize                          = 266338304                                 {product} {ergonomic}
     bool ManagementServer                         = true                                      {product} {command line}
   size_t MarkStackSize                            = 4194304                                   {product} {ergonomic}
   size_t MaxHeapSize                              = 4240441344                                {product} {ergonomic}
   size_t MaxNewSize                               = 2543845376                                {product} {ergonomic}
   size_t MinHeapDeltaBytes                        = 2097152                                   {product} {ergonomic}
   size_t MinHeapSize                              = 8388608                                   {product} {ergonomic}
    uintx NonProfiledCodeHeapSize                  = 0                                      {pd product} {ergonomic}
     bool ProfileInterpreter                       = false                                  {pd product} {command line}
    uintx ProfiledCodeHeapSize                     = 0                                      {pd product} {ergonomic}
   size_t SoftMaxHeapSize                          = 4240441344                             {manageable} {ergonomic}
     intx TieredStopAtLevel                        = 1                                         {product} {command line}
     bool UseCompressedClassPointers               = true                           {product lp64_product} {ergonomic}
     bool UseCompressedOops                        = true                           {product lp64_product} {ergonomic}
     bool UseG1GC                                  = true                                      {product} {ergonomic}
     bool UseLargePagesIndividualAllocation        = false                                  {pd product} {ergonomic}

Logging:
Log output configuration:
 #0: stdout all=warning uptime,level,tags
 #1: stderr all=off uptime,level,tags

Environment Variables:
PATH=C:\WINDOWS\system32;C:\WINDOWS;C:\WINDOWS\System32\Wbem;C:\WINDOWS\System32\WindowsPowerShell\v1.0\;C:\WINDOWS\System32\OpenSSH\;C:\Program Files\dotnet\;E:\MySql\mysql-8.3\bin;C:\Users\13298\AppData\Local\Microsoft\WindowsApps;;E:\IntelliJ IDEA 2021.2\idea\IntelliJ IDEA 2023.3.4\bin;;C:\Users\13298\AppData\Local\Programs\Microsoft VS Code\bin
USERNAME=lzm
OS=Windows_NT
PROCESSOR_IDENTIFIER=Intel64 Family 6 Model 165 Stepping 2, GenuineIntel
TMP=C:\Users\13298\AppData\Local\Temp
TEMP=C:\Users\13298\AppData\Local\Temp



Periodic native trim disabled


---------------  S Y S T E M  ---------------

OS:
 Windows 11 , 64 bit Build 22621 (10.0.22621.3085)
OS uptime: 0 days 1:39 hours

CPU: total 16 (initial active 16) (8 cores per cpu, 2 threads per core) family 6 model 165 stepping 2 microcode 0xe0, cx8, cmov, fxsr, ht, mmx, 3dnowpref, sse, sse2, sse3, ssse3, sse4.1, sse4.2, popcnt, lzcnt, tsc, tscinvbit, avx, avx2, aes, erms, clmul, bmi1, bmi2, adx, fma, vzeroupper, clflush, clflushopt
Processor Information for all 16 processors :
  Max Mhz: 2304, Current Mhz: 2304, Mhz Limit: 2304

Memory: 4k page, system-wide physical 16168M (3197M free)
TotalPageFile size 16168M (AvailPageFile size 7M)
current process WorkingSet (physical memory assigned to process): 66M, peak: 66M
current process commit charge ("private bytes"): 363M, peak: 363M

vm_info: OpenJDK 64-Bit Server VM (17.0.10+7-LTS) for windows-amd64 JRE (17.0.10+7-LTS), built on Jan 10 2024 22:11:07 by "Administrator" with MS VC++ 16.10 / 16.11 (VS2019)

END.
